SF:/feature/nested/ll//lib/src/flow/ll_flow.dart
DA:10,1
DA:12,1
DA:13,1
DA:17,1
DA:19,1
DA:20,1
DA:23,1
DA:24,1
DA:27,1
DA:28,3
LF:10
LH:10
end_of_record
SF:/feature/nested/ll//lib/src/di/di_initializer.dart
DA:7,1
DA:9,2
DA:11,2
DA:12,4
DA:13,1
DA:14,9
LF:6
LH:6
end_of_record
SF:/feature/nested/ll//lib/src/domain/repository/lego_repository.dart
DA:4,1
LF:1
LH:1
end_of_record
SF:/feature/nested/ll//lib/src/widget/bloc/ll_cubit.dart
DA:8,1
DA:12,1
DA:13,1
DA:14,1
DA:15,1
DA:21,0
DA:22,0
LF:7
LH:5
end_of_record
SF:/feature/nested/ll//lib/src/domain/model/lego_set.dart
DA:4,1
DA:9,0
DA:10,0
LF:3
LH:1
end_of_record
SF:/feature/nested/ll//lib/src/widget/ll_page.dart
DA:8,1
DA:10,1
DA:11,1
DA:12,4
DA:13,1
DA:14,1
DA:15,1
DA:21,1
DA:23,1
DA:25,3
DA:26,1
DA:27,1
DA:28,1
DA:29,3
DA:30,0
DA:31,0
DA:34,1
DA:40,1
DA:42,0
DA:44,0
DA:46,0
DA:50,0
DA:51,0
DA:52,0
DA:53,0
DA:54,0
DA:55,0
DA:56,0
DA:57,0
DA:58,0
LF:30
LH:16
end_of_record
SF:/feature/nested/ll//lib/src/widget/localization/app_localizations.dart
DA:62,3
DA:66,1
DA:67,1
DA:102,1
DA:104,1
DA:106,2
DA:109,1
DA:110,3
DA:112,0
DA:116,1
DA:120,1
DA:121,2
DA:124,0
LF:13
LH:11
end_of_record
SF:/feature/nested/ll//lib/src/widget/bloc/ll_state.dart
DA:5,1
DA:13,0
DA:14,0
LF:3
LH:1
end_of_record
SF:/feature/nested/ll//lib/src/widget/localization/app_localizations_en.dart
DA:5,2
DA:7,1
LF:2
LH:2
end_of_record