SF:/feature/lego_list/lib/src/flow/lego_list_flow.dart
DA:10,1
DA:12,1
DA:13,1
DA:17,1
DA:19,1
DA:20,1
DA:23,1
DA:24,1
DA:27,1
DA:28,3
LF:10
LH:10
end_of_record
SF:/feature/lego_list/lib/src/di/di_initializer.dart
DA:7,1
DA:9,2
DA:11,2
DA:12,4
DA:13,1
DA:14,9
LF:6
LH:6
end_of_record
SF:/feature/lego_list/lib/src/domain/repository/lego_repository.dart
DA:4,1
LF:1
LH:1
end_of_record
SF:/feature/lego_list/lib/src/widget/bloc/lego_list_cubit.dart
DA:8,1
DA:12,1
DA:13,1
DA:14,1
DA:15,1
DA:21,1
DA:22,3
LF:7
LH:7
end_of_record
SF:/feature/lego_list/lib/src/domain/model/lego_set.dart
DA:4,1
DA:9,0
DA:10,0
LF:3
LH:1
end_of_record
SF:/feature/lego_list/lib/src/widget/lego_list_page.dart
DA:8,1
DA:10,1
DA:11,1
DA:12,4
DA:13,1
DA:14,1
DA:15,1
DA:21,1
DA:23,1
DA:25,3
DA:26,1
DA:27,1
DA:28,1
DA:29,3
DA:30,1
DA:31,3
DA:34,1
DA:40,1
DA:42,1
DA:44,3
DA:46,1
DA:50,1
DA:51,1
DA:52,1
DA:53,0
DA:54,0
DA:55,0
DA:56,1
DA:57,3
DA:58,4
LF:30
LH:27
end_of_record
SF:/feature/lego_list/lib/src/widget/localization/app_localizations.dart
DA:62,3
DA:66,1
DA:67,1
DA:102,1
DA:104,1
DA:106,2
DA:109,1
DA:110,3
DA:112,0
DA:116,1
DA:120,1
DA:121,2
DA:124,0
LF:13
LH:11
end_of_record
SF:/feature/lego_list/lib/src/widget/bloc/lego_list_state.dart
DA:5,1
DA:13,0
DA:14,0
LF:3
LH:1
end_of_record
SF:/feature/lego_list/lib/src/widget/localization/app_localizations_en.dart
DA:5,2
DA:7,1
LF:2
LH:2
end_of_record