SF:/feature/harry_potter/lib/src/domain/repository/hp_repository.dart
DA:6,2
DA:7,1
DA:8,1
DA:10,1
LF:4
LH:4
end_of_record
SF:/feature/harry_potter/lib/src/flow/harry_potter_flow.dart
DA:10,0
DA:12,0
DA:13,0
DA:17,0
DA:19,0
DA:20,0
DA:23,0
DA:25,0
DA:26,0
DA:29,0
DA:30,0
DA:33,0
DA:35,0
DA:36,0
DA:38,0
DA:39,0
DA:40,0
LF:17
LH:0
end_of_record
SF:/feature/harry_potter/lib/src/widget/hp_list/bloc/hp_cubit.dart
DA:8,0
DA:9,0
LF:2
LH:0
end_of_record
SF:/feature/harry_potter/lib/src/di/di_initializer.dart
DA:5,0
DA:7,0
DA:8,0
DA:11,0
DA:12,0
LF:5
LH:0
end_of_record
SF:/feature/harry_potter/lib/src/widget/hp_details/hp_details_page.dart
DA:5,0
DA:12,0
DA:13,0
DA:14,0
DA:15,0
DA:16,0
DA:18,0
LF:7
LH:0
end_of_record
SF:/feature/harry_potter/lib/src/widget/hp_list/hp_list_page.dart
DA:11,1
DA:13,0
DA:14,0
DA:15,0
DA:16,0
DA:17,0
DA:18,0
DA:20,0
DA:21,0
DA:22,0
DA:23,0
DA:24,0
DA:25,0
DA:26,0
DA:27,0
DA:28,0
DA:29,0
DA:33,0
LF:18
LH:1
end_of_record
SF:/feature/harry_potter/lib/src/widget/hp_list/localization/hp_localizations.dart
DA:4,0
DA:5,0
DA:9,0
DA:16,0
DA:17,0
DA:19,0
DA:20,0
DA:22,0
DA:23,0
DA:27,1
DA:29,0
DA:31,0
DA:33,0
DA:34,0
DA:36,0
LF:15
LH:1
end_of_record